0 info it worked if it ends with ok
1 verbose cli [ '/Users/filgaponenko/.nvm/versions/node/v5.0.0/bin/node',
1 verbose cli   '/Users/filgaponenko/.nvm/versions/node/v5.0.0/bin/npm',
1 verbose cli   'run',
1 verbose cli   'webpack' ]
2 info using npm@3.3.6
3 info using node@v5.0.0
4 verbose run-script [ 'prewebpack', 'webpack', 'postwebpack' ]
5 info lifecycle catac@1.0.0~prewebpack: catac@1.0.0
6 silly lifecycle catac@1.0.0~prewebpack: no script for prewebpack, continuing
7 info lifecycle catac@1.0.0~webpack: catac@1.0.0
8 verbose lifecycle catac@1.0.0~webpack: unsafe-perm in lifecycle true
9 verbose lifecycle catac@1.0.0~webpack: PATH: /Users/filgaponenko/.nvm/versions/node/v5.0.0/lib/node_modules/npm/bin/node-gyp-bin:/Users/filgaponenko/www/catac/node_modules/.bin:/Users/filgaponenko/.nvm/versions/node/v5.0.0/bin:/usr/local/bin:/usr/bin:/bin:/usr/sbin:/sbin
10 verbose lifecycle catac@1.0.0~webpack: CWD: /Users/filgaponenko/www/catac
11 silly lifecycle catac@1.0.0~webpack: Args: [ '-c', 'webpack -w' ]
12 silly lifecycle catac@1.0.0~webpack: Returned: code: 1  signal: null
13 info lifecycle catac@1.0.0~webpack: Failed to exec webpack script
14 verbose stack Error: catac@1.0.0 webpack: `webpack -w`
14 verbose stack Exit status 1
14 verbose stack     at EventEmitter.<anonymous> (/Users/filgaponenko/.nvm/versions/node/v5.0.0/lib/node_modules/npm/lib/utils/lifecycle.js:233:16)
14 verbose stack     at emitTwo (events.js:87:13)
14 verbose stack     at EventEmitter.emit (events.js:172:7)
14 verbose stack     at ChildProcess.<anonymous> (/Users/filgaponenko/.nvm/versions/node/v5.0.0/lib/node_modules/npm/lib/utils/spawn.js:24:14)
14 verbose stack     at emitTwo (events.js:87:13)
14 verbose stack     at ChildProcess.emit (events.js:172:7)
14 verbose stack     at maybeClose (internal/child_process.js:818:16)
14 verbose stack     at Process.ChildProcess._handle.onexit (internal/child_process.js:211:5)
15 verbose pkgid catac@1.0.0
16 verbose cwd /Users/filgaponenko/www/catac
17 error Darwin 16.6.0
18 error argv "/Users/filgaponenko/.nvm/versions/node/v5.0.0/bin/node" "/Users/filgaponenko/.nvm/versions/node/v5.0.0/bin/npm" "run" "webpack"
19 error node v5.0.0
20 error npm  v3.3.6
21 error code ELIFECYCLE
22 error catac@1.0.0 webpack: `webpack -w`
22 error Exit status 1
23 error Failed at the catac@1.0.0 webpack script 'webpack -w'.
23 error This is most likely a problem with the catac package,
23 error not with npm itself.
23 error Tell the author that this fails on your system:
23 error     webpack -w
23 error You can get their info via:
23 error     npm owner ls catac
23 error There is likely additional logging output above.
24 verbose exit [ 1, true ]
